<?xml version="1.0" encoding="UTF-8"?>
<!-- Generated by org.testng.reporters.JUnitXMLReporter -->
<testsuite ignored="0" hostname="DESKTOP-L33J1GP" failures="0" tests="2" name="BankingApp Test" time="112.645" errors="0" timestamp="08 Nov 2020 15:24:33 GMT">
  <testcase classname="com.inetbanking.testCases.TC_LoginTest_001" name="loginTest" time="24.059"/>
  <testcase classname="com.inetbanking.testCases.TC_AddCustomerTest_003" name="addNewCustomer" time="19.524"/>
</testsuite> <!-- BankingApp Test -->
